Using pre-set license
Built from '2021.1/staging' branch; Version is '2021.1.21f1 (f2d5d3c59f8c) revision 15914451'; Using compiler version '192528614'; Build Type 'Release'
OS: 'Windows 10 Home; OS build 19042.1348; Version 2009; 64bit' Language: 'en' Physical Memory: 8077 MB
BatchMode: 1, IsHumanControllingUs: 0, StartBugReporterOnCrash: 0, Is64bit: 1, IsPro: 0

COMMAND LINE ARGUMENTS:
C:\Program Files\Unity\Hub\Editor\2021.1.21f1\Editor\Unity.exe
-adb2
-batchMode
-noUpm
-name
AssetImportWorker1
-projectPath
D:/Users/geosp/Documents/GameEngeneeringUnityProjects/GamingSymTech-Courcework1/GamingSymAndTechCourcework1
-logFile
Logs/AssetImportWorker1.log
-srvPort
52857
Successfully changed project path to: D:/Users/geosp/Documents/GameEngeneeringUnityProjects/GamingSymTech-Courcework1/GamingSymAndTechCourcework1
D:/Users/geosp/Documents/GameEngeneeringUnityProjects/GamingSymTech-Courcework1/GamingSymAndTechCourcework1
Using Asset Import Pipeline V2.
